\BOOKMARK [0][-]{chapter.1}{\376\377\0001\000\040\000I\000n\000d\000i\000c\000e\000\040\000d\000e\000\040\000a\000r\000c\000h\000i\000v\000o\000s}{}% 1
\BOOKMARK [1][-]{section.1.1}{\376\377\0001\000.\0001\000\040\000L\000i\000s\000t\000a\000\040\000d\000e\000\040\000a\000r\000c\000h\000i\000v\000o\000s}{chapter.1}% 2
\BOOKMARK [0][-]{chapter.2}{\376\377\0002\000\040\000D\000o\000c\000u\000m\000e\000n\000t\000a\000c\000i\000\363\000n\000\040\000d\000e\000\040\000a\000r\000c\000h\000i\000v\000o\000s}{}% 3
\BOOKMARK [1][-]{section.2.1}{\376\377\0002\000.\0001\000\040\000R\000e\000f\000e\000r\000e\000n\000c\000i\000a\000\040\000d\000e\000l\000\040\000A\000r\000c\000h\000i\000v\000o\000\040\000s\000r\000c\000/\000G\000-\0002\0003\0000\0001\000-\0000\0001\000-\000P\0001\000-\000i\000r\000c\000\137\000s\000e\000r\000v\000e\000r\000.\000c}{chapter.2}% 4
\BOOKMARK [2][-]{subsection.2.1.1}{\376\377\0002\000.\0001\000.\0001\000\040\000D\000e\000s\000c\000r\000i\000p\000c\000i\000\363\000n\000\040\000d\000e\000t\000a\000l\000l\000a\000d\000a}{section.2.1}% 5
\BOOKMARK [2][-]{subsection.2.1.2}{\376\377\0002\000.\0001\000.\0002\000\040\000D\000o\000c\000u\000m\000e\000n\000t\000a\000c\000i\000\363\000n\000\040\000d\000e\000\040\000l\000a\000s\000\040\000f\000u\000n\000c\000i\000o\000n\000e\000s}{section.2.1}% 6
\BOOKMARK [3][-]{subsubsection.2.1.2.1}{\376\377\0002\000.\0001\000.\0002\000.\0001\000\040\000g\000e\000t\000\137\000m\000o\000t\000d\000\137\000p\000a\000t\000h}{subsection.2.1.2}% 7
\BOOKMARK [3][-]{subsubsection.2.1.2.2}{\376\377\0002\000.\0001\000.\0002\000.\0002\000\040\000g\000e\000t\000\137\000n\000i\000c\000k}{subsection.2.1.2}% 8
\BOOKMARK [3][-]{subsubsection.2.1.2.3}{\376\377\0002\000.\0001\000.\0002\000.\0003\000\040\000g\000e\000t\000\137\000s\000o\000c\000k\000e\000t\000d\000\137\000b\000y\000n\000i\000c\000k}{subsection.2.1.2}% 9
\BOOKMARK [3][-]{subsubsection.2.1.2.4}{\376\377\0002\000.\0001\000.\0002\000.\0004\000\040\000g\000e\000t\000\137\000s\000o\000c\000k\000e\000t\000d\000\137\000b\000y\000u\000s\000e\000r}{subsection.2.1.2}% 10
\BOOKMARK [3][-]{subsubsection.2.1.2.5}{\376\377\0002\000.\0001\000.\0002\000.\0005\000\040\000g\000e\000t\000\137\000u\000s\000e\000r}{subsection.2.1.2}% 11
\BOOKMARK [3][-]{subsubsection.2.1.2.6}{\376\377\0002\000.\0001\000.\0002\000.\0006\000\040\000h\000a\000n\000d\000l\000e\000r}{subsection.2.1.2}% 12
\BOOKMARK [3][-]{subsubsection.2.1.2.7}{\376\377\0002\000.\0001\000.\0002\000.\0007\000\040\000m\000a\000i\000n}{subsection.2.1.2}% 13
\BOOKMARK [3][-]{subsubsection.2.1.2.8}{\376\377\0002\000.\0001\000.\0002\000.\0008\000\040\000p\000r\000o\000c\000e\000s\000s\000\137\000c\000o\000m\000m\000a\000n\000d}{subsection.2.1.2}% 14
\BOOKMARK [3][-]{subsubsection.2.1.2.9}{\376\377\0002\000.\0001\000.\0002\000.\0009\000\040\000s\000e\000t\000\137\000n\000i\000c\000k}{subsection.2.1.2}% 15
\BOOKMARK [3][-]{subsubsection.2.1.2.10}{\376\377\0002\000.\0001\000.\0002\000.\0001\0000\000\040\000s\000e\000t\000\137\000u\000s\000e\000r}{subsection.2.1.2}% 16
\BOOKMARK [3][-]{subsubsection.2.1.2.11}{\376\377\0002\000.\0001\000.\0002\000.\0001\0001\000\040\000t\000i\000m\000e\000o\000u\000t\000\137\000t\000h\000r\000e\000a\000d}{subsection.2.1.2}% 17
\BOOKMARK [3][-]{subsubsection.2.1.2.12}{\376\377\0002\000.\0001\000.\0002\000.\0001\0002\000\040\000u\000p\000d\000a\000t\000e\000\137\000t\000i\000m\000e\000o\000u\000t}{subsection.2.1.2}% 18
\BOOKMARK [1][-]{section.2.2}{\376\377\0002\000.\0002\000\040\000R\000e\000f\000e\000r\000e\000n\000c\000i\000a\000\040\000d\000e\000l\000\040\000A\000r\000c\000h\000i\000v\000o\000\040\000s\000r\000c\000l\000i\000b\000/\000G\000-\0002\0003\0000\0001\000-\0000\0001\000-\000P\0001\000-\000d\000a\000e\000m\000o\000n\000.\000c}{chapter.2}% 19
\BOOKMARK [2][-]{subsection.2.2.1}{\376\377\0002\000.\0002\000.\0001\000\040\000D\000e\000s\000c\000r\000i\000p\000c\000i\000\363\000n\000\040\000d\000e\000t\000a\000l\000l\000a\000d\000a}{section.2.2}% 20
\BOOKMARK [2][-]{subsection.2.2.2}{\376\377\0002\000.\0002\000.\0002\000\040\000D\000o\000c\000u\000m\000e\000n\000t\000a\000c\000i\000\363\000n\000\040\000d\000e\000\040\000l\000a\000s\000\040\000f\000u\000n\000c\000i\000o\000n\000e\000s}{section.2.2}% 21
\BOOKMARK [3][-]{subsubsection.2.2.2.1}{\376\377\0002\000.\0002\000.\0002\000.\0001\000\040\000d\000a\000e\000m\000o\000n\000i\000z\000e}{subsection.2.2.2}% 22
\BOOKMARK [1][-]{section.2.3}{\376\377\0002\000.\0003\000\040\000R\000e\000f\000e\000r\000e\000n\000c\000i\000a\000\040\000d\000e\000l\000\040\000A\000r\000c\000h\000i\000v\000o\000\040\000s\000r\000c\000l\000i\000b\000/\000G\000-\0002\0003\0000\0001\000-\0000\0001\000-\000P\0001\000-\000i\000r\000c\000.\000c}{chapter.2}% 23
\BOOKMARK [2][-]{subsection.2.3.1}{\376\377\0002\000.\0003\000.\0001\000\040\000D\000e\000s\000c\000r\000i\000p\000c\000i\000\363\000n\000\040\000d\000e\000t\000a\000l\000l\000a\000d\000a}{section.2.3}% 24
\BOOKMARK [2][-]{subsection.2.3.2}{\376\377\0002\000.\0003\000.\0002\000\040\000D\000o\000c\000u\000m\000e\000n\000t\000a\000c\000i\000\363\000n\000\040\000d\000e\000\040\000l\000a\000s\000\040\000f\000u\000n\000c\000i\000o\000n\000e\000s}{section.2.3}% 25
\BOOKMARK [3][-]{subsubsection.2.3.2.1}{\376\377\0002\000.\0003\000.\0002\000.\0001\000\040\000a\000w\000a\000y}{subsection.2.3.2}% 26
\BOOKMARK [3][-]{subsubsection.2.3.2.2}{\376\377\0002\000.\0003\000.\0002\000.\0002\000\040\000j\000o\000i\000n}{subsection.2.3.2}% 27
\BOOKMARK [3][-]{subsubsection.2.3.2.3}{\376\377\0002\000.\0003\000.\0002\000.\0003\000\040\000k\000i\000c\000k}{subsection.2.3.2}% 28
\BOOKMARK [3][-]{subsubsection.2.3.2.4}{\376\377\0002\000.\0003\000.\0002\000.\0004\000\040\000l\000i\000s\000t}{subsection.2.3.2}% 29
\BOOKMARK [3][-]{subsubsection.2.3.2.5}{\376\377\0002\000.\0003\000.\0002\000.\0005\000\040\000m\000o\000d\000e}{subsection.2.3.2}% 30
\BOOKMARK [3][-]{subsubsection.2.3.2.6}{\376\377\0002\000.\0003\000.\0002\000.\0006\000\040\000m\000o\000t\000d}{subsection.2.3.2}% 31
\BOOKMARK [3][-]{subsubsection.2.3.2.7}{\376\377\0002\000.\0003\000.\0002\000.\0007\000\040\000n\000a\000m\000e\000s}{subsection.2.3.2}% 32
\BOOKMARK [3][-]{subsubsection.2.3.2.8}{\376\377\0002\000.\0003\000.\0002\000.\0008\000\040\000n\000i\000c\000k}{subsection.2.3.2}% 33
\BOOKMARK [3][-]{subsubsection.2.3.2.9}{\376\377\0002\000.\0003\000.\0002\000.\0009\000\040\000n\000o\000\137\000c\000o\000m\000m\000a\000n\000d}{subsection.2.3.2}% 34
\BOOKMARK [3][-]{subsubsection.2.3.2.10}{\376\377\0002\000.\0003\000.\0002\000.\0001\0000\000\040\000n\000o\000t\000i\000c\000e}{subsection.2.3.2}% 35
\BOOKMARK [3][-]{subsubsection.2.3.2.11}{\376\377\0002\000.\0003\000.\0002\000.\0001\0001\000\040\000p\000a\000r\000t}{subsection.2.3.2}% 36
\BOOKMARK [3][-]{subsubsection.2.3.2.12}{\376\377\0002\000.\0003\000.\0002\000.\0001\0002\000\040\000p\000i\000n\000g}{subsection.2.3.2}% 37
\BOOKMARK [3][-]{subsubsection.2.3.2.13}{\376\377\0002\000.\0003\000.\0002\000.\0001\0003\000\040\000p\000o\000n\000g}{subsection.2.3.2}% 38
\BOOKMARK [3][-]{subsubsection.2.3.2.14}{\376\377\0002\000.\0003\000.\0002\000.\0001\0004\000\040\000p\000r\000i\000v\000m\000s\000g}{subsection.2.3.2}% 39
\BOOKMARK [3][-]{subsubsection.2.3.2.15}{\376\377\0002\000.\0003\000.\0002\000.\0001\0005\000\040\000q\000u\000i\000t}{subsection.2.3.2}% 40
\BOOKMARK [3][-]{subsubsection.2.3.2.16}{\376\377\0002\000.\0003\000.\0002\000.\0001\0006\000\040\000t\000i\000m\000e\000\137\000c}{subsection.2.3.2}% 41
\BOOKMARK [3][-]{subsubsection.2.3.2.17}{\376\377\0002\000.\0003\000.\0002\000.\0001\0007\000\040\000t\000o\000p\000i\000c}{subsection.2.3.2}% 42
\BOOKMARK [3][-]{subsubsection.2.3.2.18}{\376\377\0002\000.\0003\000.\0002\000.\0001\0008\000\040\000u\000s\000e\000r}{subsection.2.3.2}% 43
\BOOKMARK [3][-]{subsubsection.2.3.2.19}{\376\377\0002\000.\0003\000.\0002\000.\0001\0009\000\040\000v\000e\000r\000s\000i\000o\000n}{subsection.2.3.2}% 44
\BOOKMARK [3][-]{subsubsection.2.3.2.20}{\376\377\0002\000.\0003\000.\0002\000.\0002\0000\000\040\000w\000h\000o\000i\000s}{subsection.2.3.2}% 45
\BOOKMARK [1][-]{section.2.4}{\376\377\0002\000.\0004\000\040\000R\000e\000f\000e\000r\000e\000n\000c\000i\000a\000\040\000d\000e\000l\000\040\000A\000r\000c\000h\000i\000v\000o\000\040\000s\000r\000c\000l\000i\000b\000/\000G\000-\0002\0003\0000\0001\000-\0000\0001\000-\000P\0001\000-\000s\000e\000r\000v\000e\000r\000.\000c}{chapter.2}% 46
\BOOKMARK [2][-]{subsection.2.4.1}{\376\377\0002\000.\0004\000.\0001\000\040\000D\000e\000s\000c\000r\000i\000p\000c\000i\000\363\000n\000\040\000d\000e\000t\000a\000l\000l\000a\000d\000a}{section.2.4}% 47
\BOOKMARK [2][-]{subsection.2.4.2}{\376\377\0002\000.\0004\000.\0002\000\040\000D\000o\000c\000u\000m\000e\000n\000t\000a\000c\000i\000\363\000n\000\040\000d\000e\000\040\000l\000a\000s\000\040\000f\000u\000n\000c\000i\000o\000n\000e\000s}{section.2.4}% 48
\BOOKMARK [3][-]{subsubsection.2.4.2.1}{\376\377\0002\000.\0004\000.\0002\000.\0001\000\040\000c\000o\000n\000n\000e\000c\000t\000i\000o\000n\000\137\000a\000d\000d}{subsection.2.4.2}% 49
\BOOKMARK [3][-]{subsubsection.2.4.2.2}{\376\377\0002\000.\0004\000.\0002\000.\0002\000\040\000c\000o\000n\000n\000e\000c\000t\000i\000o\000n\000\137\000b\000l\000o\000c\000k}{subsection.2.4.2}% 50
\BOOKMARK [3][-]{subsubsection.2.4.2.3}{\376\377\0002\000.\0004\000.\0002\000.\0003\000\040\000c\000o\000n\000n\000e\000c\000t\000i\000o\000n\000\137\000i\000s\000b\000l\000o\000c\000k\000e\000d}{subsection.2.4.2}% 51
\BOOKMARK [3][-]{subsubsection.2.4.2.4}{\376\377\0002\000.\0004\000.\0002\000.\0004\000\040\000c\000o\000n\000n\000e\000c\000t\000i\000o\000n\000\137\000r\000m\000v}{subsection.2.4.2}% 52
\BOOKMARK [3][-]{subsubsection.2.4.2.5}{\376\377\0002\000.\0004\000.\0002\000.\0005\000\040\000c\000o\000n\000n\000e\000c\000t\000i\000o\000n\000\137\000u\000n\000b\000l\000o\000c\000k}{subsection.2.4.2}% 53
\BOOKMARK [3][-]{subsubsection.2.4.2.6}{\376\377\0002\000.\0004\000.\0002\000.\0006\000\040\000g\000e\000t\000\137\000i\000p\000\137\000f\000r\000o\000m\000\137\000c\000o\000n\000n\000e\000c\000t\000i\000o\000n}{subsection.2.4.2}% 54
\BOOKMARK [3][-]{subsubsection.2.4.2.7}{\376\377\0002\000.\0004\000.\0002\000.\0007\000\040\000i\000s\000\137\000c\000o\000n\000n\000e\000c\000t\000e\000d}{subsection.2.4.2}% 55
\BOOKMARK [3][-]{subsubsection.2.4.2.8}{\376\377\0002\000.\0004\000.\0002\000.\0008\000\040\000i\000s\000\137\000r\000e\000a\000d\000a\000b\000l\000e}{subsection.2.4.2}% 56
\BOOKMARK [3][-]{subsubsection.2.4.2.9}{\376\377\0002\000.\0004\000.\0002\000.\0009\000\040\000s\000e\000r\000v\000e\000r\000\137\000l\000a\000u\000n\000c\000h}{subsection.2.4.2}% 57
\BOOKMARK [3][-]{subsubsection.2.4.2.10}{\376\377\0002\000.\0004\000.\0002\000.\0001\0000\000\040\000s\000e\000r\000v\000e\000r\000\137\000s\000t\000o\000p}{subsection.2.4.2}% 58
\BOOKMARK [3][-]{subsubsection.2.4.2.11}{\376\377\0002\000.\0004\000.\0002\000.\0001\0001\000\040\000s\000e\000t\000\137\000d\000o\000\137\000o\000n\000\137\000d\000i\000s\000c\000o\000n\000n\000e\000c\000t}{subsection.2.4.2}% 59
\BOOKMARK [3][-]{subsubsection.2.4.2.12}{\376\377\0002\000.\0004\000.\0002\000.\0001\0002\000\040\000s\000i\000g\000i\000n\000t\000\137\000h\000a\000n\000d\000l\000e\000r}{subsection.2.4.2}% 60
\BOOKMARK [1][-]{section.2.5}{\376\377\0002\000.\0005\000\040\000R\000e\000f\000e\000r\000e\000n\000c\000i\000a\000\040\000d\000e\000l\000\040\000A\000r\000c\000h\000i\000v\000o\000\040\000s\000r\000c\000l\000i\000b\000/\000G\000-\0002\0003\0000\0001\000-\0000\0001\000-\000P\0001\000-\000t\000c\000p\000.\000c}{chapter.2}% 61
\BOOKMARK [2][-]{subsection.2.5.1}{\376\377\0002\000.\0005\000.\0001\000\040\000D\000e\000s\000c\000r\000i\000p\000c\000i\000\363\000n\000\040\000d\000e\000t\000a\000l\000l\000a\000d\000a}{section.2.5}% 62
\BOOKMARK [2][-]{subsection.2.5.2}{\376\377\0002\000.\0005\000.\0002\000\040\000D\000o\000c\000u\000m\000e\000n\000t\000a\000c\000i\000\363\000n\000\040\000d\000e\000\040\000l\000a\000s\000\040\000f\000u\000n\000c\000i\000o\000n\000e\000s}{section.2.5}% 63
\BOOKMARK [3][-]{subsubsection.2.5.2.1}{\376\377\0002\000.\0005\000.\0002\000.\0001\000\040\000c\000l\000i\000e\000n\000t\000\137\000t\000c\000p\000s\000o\000c\000k\000e\000t\000\137\000o\000p\000e\000n}{subsection.2.5.2}% 64
\BOOKMARK [3][-]{subsubsection.2.5.2.2}{\376\377\0002\000.\0005\000.\0002\000.\0002\000\040\000s\000e\000r\000v\000e\000r\000\137\000t\000c\000p\000s\000o\000c\000k\000e\000t\000\137\000o\000p\000e\000n}{subsection.2.5.2}% 65
\BOOKMARK [3][-]{subsubsection.2.5.2.3}{\376\377\0002\000.\0005\000.\0002\000.\0003\000\040\000t\000c\000p\000s\000o\000c\000k\000e\000t\000\137\000a\000c\000c\000e\000p\000t}{subsection.2.5.2}% 66
\BOOKMARK [3][-]{subsubsection.2.5.2.4}{\376\377\0002\000.\0005\000.\0002\000.\0004\000\040\000t\000c\000p\000s\000o\000c\000k\000e\000t\000\137\000c\000l\000o\000s\000e}{subsection.2.5.2}% 67
\BOOKMARK [3][-]{subsubsection.2.5.2.5}{\376\377\0002\000.\0005\000.\0002\000.\0005\000\040\000t\000c\000p\000s\000o\000c\000k\000e\000t\000\137\000r\000c\000v}{subsection.2.5.2}% 68
\BOOKMARK [3][-]{subsubsection.2.5.2.6}{\376\377\0002\000.\0005\000.\0002\000.\0006\000\040\000t\000c\000p\000s\000o\000c\000k\000e\000t\000\137\000s\000n\000d}{subsection.2.5.2}% 69
\BOOKMARK [1][-]{section.2.6}{\376\377\0002\000.\0006\000\040\000R\000e\000f\000e\000r\000e\000n\000c\000i\000a\000\040\000d\000e\000l\000\040\000A\000r\000c\000h\000i\000v\000o\000\040\000s\000r\000c\000l\000i\000b\000/\000G\000-\0002\0003\0000\0001\000-\0000\0001\000-\000P\0001\000-\000t\000o\000o\000l\000s\000.\000c}{chapter.2}% 70
\BOOKMARK [2][-]{subsection.2.6.1}{\376\377\0002\000.\0006\000.\0001\000\040\000D\000e\000s\000c\000r\000i\000p\000c\000i\000\363\000n\000\040\000d\000e\000t\000a\000l\000l\000a\000d\000a}{section.2.6}% 71
\BOOKMARK [2][-]{subsection.2.6.2}{\376\377\0002\000.\0006\000.\0002\000\040\000D\000o\000c\000u\000m\000e\000n\000t\000a\000c\000i\000\363\000n\000\040\000d\000e\000\040\000l\000a\000s\000\040\000f\000u\000n\000c\000i\000o\000n\000e\000s}{section.2.6}% 72
\BOOKMARK [3][-]{subsubsection.2.6.2.1}{\376\377\0002\000.\0006\000.\0002\000.\0001\000\040\000\137\000s\000t\000r\000c\000m\000p}{subsection.2.6.2}% 73
\BOOKMARK [3][-]{subsubsection.2.6.2.2}{\376\377\0002\000.\0006\000.\0002\000.\0002\000\040\000\137\000s\000t\000r\000l\000e\000n}{subsection.2.6.2}% 74
\BOOKMARK [1][-]{section.2.7}{\376\377\0002\000.\0007\000\040\000R\000e\000f\000e\000r\000e\000n\000c\000i\000a\000\040\000d\000e\000l\000\040\000A\000r\000c\000h\000i\000v\000o\000\040\000s\000r\000c\000l\000i\000b\000/\000G\000-\0002\0003\0000\0001\000-\0000\0001\000-\000P\0001\000-\000u\000d\000p\000.\000c}{chapter.2}% 75
\BOOKMARK [2][-]{subsection.2.7.1}{\376\377\0002\000.\0007\000.\0001\000\040\000D\000e\000s\000c\000r\000i\000p\000c\000i\000\363\000n\000\040\000d\000e\000t\000a\000l\000l\000a\000d\000a}{section.2.7}% 76
\BOOKMARK [2][-]{subsection.2.7.2}{\376\377\0002\000.\0007\000.\0002\000\040\000D\000o\000c\000u\000m\000e\000n\000t\000a\000c\000i\000\363\000n\000\040\000d\000e\000\040\000l\000a\000s\000\040\000f\000u\000n\000c\000i\000o\000n\000e\000s}{section.2.7}% 77
\BOOKMARK [3][-]{subsubsection.2.7.2.1}{\376\377\0002\000.\0007\000.\0002\000.\0001\000\040\000c\000l\000i\000e\000n\000t\000\137\000u\000d\000p\000s\000o\000c\000k\000e\000t\000\137\000o\000p\000e\000n}{subsection.2.7.2}% 78
\BOOKMARK [3][-]{subsubsection.2.7.2.2}{\376\377\0002\000.\0007\000.\0002\000.\0002\000\040\000s\000e\000r\000v\000e\000r\000\137\000u\000d\000p\000s\000o\000c\000k\000e\000t\000\137\000o\000p\000e\000n}{subsection.2.7.2}% 79
\BOOKMARK [3][-]{subsubsection.2.7.2.3}{\376\377\0002\000.\0007\000.\0002\000.\0003\000\040\000u\000d\000p\000s\000o\000c\000k\000e\000t\000\137\000r\000c\000v}{subsection.2.7.2}% 80
\BOOKMARK [3][-]{subsubsection.2.7.2.4}{\376\377\0002\000.\0007\000.\0002\000.\0004\000\040\000u\000d\000p\000s\000o\000c\000k\000e\000t\000\137\000s\000n\000d}{subsection.2.7.2}% 81
\BOOKMARK [0][-]{section*.13}{\376\377\000\315\000n\000d\000i\000c\000e}{}% 82
